
=== Thu Oct 24 23:32:25 2019

Packages were changed.
Update Mode: mergeDefaultDependencies

The following packages were added:
  com.unity.ext.nunit@1.0.0
  com.unity.ide.vscode@1.1.2
  com.unity.ide.rider@1.1.0
  com.unity.ugui@1.0.0
  com.unity.xr.management@3.0.3
  com.unity.modules.androidjni@1.0.0
The following packages were updated:
  com.unity.test-framework from version 1.0.17 to 1.1.3
  com.unity.timeline from version 1.1.0 to 1.2.4

=== Sat Nov 16 21:19:17 2019

Packages were changed.
Update Mode: updateDependencies

The following packages were updated:
  com.unity.timeline from version 1.2.4 to 1.2.6

=== Sun Dec  8 10:16:43 2019

Packages were changed.
Update Mode: updateDependencies

The following packages were updated:
  com.unity.ide.vscode from version 1.1.2 to 1.1.3
  com.unity.render-pipelines.high-definition from version 7.1.1 to 7.1.5

=== Tue Jan 21 08:46:39 2020

Packages were changed.
Update Mode: updateDependencies

The following packages were updated:
  com.unity.ide.rider from version 1.1.0 to 1.1.4
  com.unity.render-pipelines.high-definition from version 7.1.5 to 7.1.6
  com.unity.xr.management from version 3.0.3 to 3.0.4

=== Mon Feb  3 14:48:44 2020

Packages were changed.
Update Mode: updateDependencies

The following packages were updated:
  com.unity.ide.vscode from version 1.1.3 to 1.1.4
  com.unity.render-pipelines.high-definition from version 7.1.6 to 7.1.8
  com.unity.test-framework from version 1.1.3 to 1.1.9
  com.unity.timeline from version 1.2.6 to 1.2.10
  com.unity.xr.management from version 3.0.4 to 3.0.5
